<?xml version="1.0" encoding="UTF-8"?>
<!-- Generated by org.testng.reporters.JUnitXMLReporter -->
<testsuite ignored="0" hostname="DESKTOP-I85STP7" failures="1" tests="2" name="Test" time="2.282" errors="0" timestamp="2023-04-21T12:34:47 ICT">
  <testcase classname="test_cases.Example1Test" name="test_case_1" time="1.636"/>
  <testcase classname="test_cases.Example2Test" name="test_case_2" time="0.615">
    <failure type="java.lang.AssertionError" message="expected [true] but found [false]">
      <![CDATA[java.lang.AssertionError: expected [true] but found [false]
at test_cases.Example2Test.test_case_2(Example2Test.java:28)
at java.base/java.util.ArrayList.forEach(ArrayList.java:1511)
... Removed 31 stack frames]]>
    </failure>
  </testcase> <!-- test_case_2 -->
</testsuite> <!-- Test -->
